app/build/intermediates/manifest_merge_blame_file/debug/manifest-merger-blame-debug-report.txt
1<?xml version="1.0" encoding="utf-8"?>
2<manifest xmlns:android="http://schemas.android.com/apk/res/android"
3    package="com.example.edusos"
4    android:versionCode="1"
5    android:versionName="1.0" >
6
7    <uses-sdk
8        android:minSdkVersion="22"
8-->src\main\AndroidManifest.xml
9        android:targetSdkVersion="29" />
9-->src\main\AndroidManifest.xml
10
11    <uses-permission android:name="android.permission.INTERNET" /> <!-- Although the *SdkVersion is captured in gradle build files, this is required for non gradle builds -->
11-->[com.firebaseui:firebase-ui-database:3.2.2] AndroidManifest.xml:11:5-67
11-->[com.firebaseui:firebase-ui-database:3.2.2] AndroidManifest.xml:11:22-64
12    <!-- <uses-sdk android:minSdkVersion="14"/> -->
13    <uses-permission android:name="android.permission.ACCESS_NETWORK_STATE" />
13-->[com.google.firebase:firebase-database:19.2.0] AndroidManifest.xml:25:5-79
13-->[com.google.firebase:firebase-database:19.2.0] AndroidManifest.xml:25:22-76
14
15    <application
15-->src\main\AndroidManifest.xml:6:5-39:19
16        android:name="com.example.edusos.EduSOSApplication"
16-->src\main\AndroidManifest.xml:7:9-42
17        android:allowBackup="true"
17-->src\main\AndroidManifest.xml:8:9-35
18        android:appComponentFactory="androidx.core.app.CoreComponentFactory"
18-->[androidx.core:core:1.0.1] AndroidManifest.xml:22:18-86
19        android:debuggable="true"
20        android:icon="@mipmap/ic_launcher"
20-->src\main\AndroidManifest.xml:9:9-43
21        android:label="@string/app_name"
21-->src\main\AndroidManifest.xml:10:9-41
22        android:roundIcon="@mipmap/ic_launcher_round"
22-->src\main\AndroidManifest.xml:11:9-54
23        android:supportsRtl="true"
23-->src\main\AndroidManifest.xml:12:9-35
24        android:theme="@style/AppTheme" >
24-->src\main\AndroidManifest.xml:13:9-40
25        <activity android:name="com.example.edusos.ChatActivity" />
25-->src\main\AndroidManifest.xml:15:9-59
25-->src\main\AndroidManifest.xml:15:19-47
26        <activity android:name="com.example.edusos.ChatListActivity" />
26-->src\main\AndroidManifest.xml:16:9-63
26-->src\main\AndroidManifest.xml:16:19-51
27        <activity android:name="com.example.edusos.ExpertProfileActivity" />
27-->src\main\AndroidManifest.xml:17:9-59
27-->src\main\AndroidManifest.xml:17:19-56
28        <activity android:name="com.example.edusos.ExpertSearchResultActivity" />
28-->src\main\AndroidManifest.xml:18:9-64
28-->src\main\AndroidManifest.xml:18:19-61
29        <activity android:name="com.example.edusos.ExpertSearchActivity" />
29-->src\main\AndroidManifest.xml:19:9-58
29-->src\main\AndroidManifest.xml:19:19-55
30        <activity android:name="com.example.edusos.RegisterStudentActivity" />
30-->src\main\AndroidManifest.xml:20:9-61
30-->src\main\AndroidManifest.xml:20:19-58
31        <activity android:name="com.example.edusos.LogInSignUpActivity" />
31-->src\main\AndroidManifest.xml:21:9-57
31-->src\main\AndroidManifest.xml:21:19-54
32        <activity android:name="com.example.edusos.RegisterExpertActivity" />
32-->src\main\AndroidManifest.xml:22:9-60
32-->src\main\AndroidManifest.xml:22:19-57
33        <activity android:name="com.example.edusos.AnswerQuestionActivity" />
33-->src\main\AndroidManifest.xml:23:9-60
33-->src\main\AndroidManifest.xml:23:19-57
34        <activity android:name="com.example.edusos.QuestionSearchResultActivity" />
34-->src\main\AndroidManifest.xml:24:9-66
34-->src\main\AndroidManifest.xml:24:19-63
35        <activity
35-->src\main\AndroidManifest.xml:25:9-26:64
36            android:name="com.example.edusos.PostQuestionActivity"
36-->src\main\AndroidManifest.xml:25:19-55
37            android:windowSoftInputMode="adjustPan" />
37-->src\main\AndroidManifest.xml:26:13-52
38        <activity android:name="com.example.edusos.MainActivity" >
38-->src\main\AndroidManifest.xml:28:9-34:20
38-->src\main\AndroidManifest.xml:28:19-47
39            <intent-filter>
39-->src\main\AndroidManifest.xml:29:13-33:29
40                <action android:name="android.intent.action.MAIN" />
40-->src\main\AndroidManifest.xml:30:17-69
40-->src\main\AndroidManifest.xml:30:25-66
41
42                <category android:name="android.intent.category.LAUNCHER" />
42-->src\main\AndroidManifest.xml:32:17-77
42-->src\main\AndroidManifest.xml:32:27-74
43            </intent-filter>
44        </activity>
45
46        <meta-data
46-->src\main\AndroidManifest.xml:36:9-38:57
47            android:name="preloaded_fonts"
47-->src\main\AndroidManifest.xml:37:13-43
48            android:resource="@array/preloaded_fonts" />
48-->src\main\AndroidManifest.xml:38:13-54
49
50        <service
50-->[com.google.firebase:firebase-database:19.2.0] AndroidManifest.xml:29:9-35:19
51            android:name="com.google.firebase.components.ComponentDiscoveryService"
51-->[com.google.firebase:firebase-database:19.2.0] AndroidManifest.xml:30:13-84
52            android:directBootAware="true"
52-->[com.google.firebase:firebase-common:19.2.0] AndroidManifest.xml:15:13-43
53            android:exported="false" >
53-->[com.google.firebase:firebase-database:19.2.0] AndroidManifest.xml:31:13-37
54            <meta-data
54-->[com.google.firebase:firebase-database:19.2.0] AndroidManifest.xml:32:13-34:85
55                android:name="com.google.firebase.components:com.google.firebase.database.DatabaseRegistrar"
55-->[com.google.firebase:firebase-database:19.2.0] AndroidManifest.xml:33:17-109
56                android:value="com.google.firebase.components.ComponentRegistrar" />
56-->[com.google.firebase:firebase-database:19.2.0] AndroidManifest.xml:34:17-82
57        </service>
58
59        <activity
59-->[com.google.android.gms:play-services-auth:16.0.1] AndroidManifest.xml:23:9-27:75
60            android:name="com.google.android.gms.auth.api.signin.internal.SignInHubActivity"
60-->[com.google.android.gms:play-services-auth:16.0.1] AndroidManifest.xml:24:13-93
61            android:excludeFromRecents="true"
61-->[com.google.android.gms:play-services-auth:16.0.1] AndroidManifest.xml:25:13-46
62            android:exported="false"
62-->[com.google.android.gms:play-services-auth:16.0.1] AndroidManifest.xml:26:13-37
63            android:theme="@android:style/Theme.Translucent.NoTitleBar" />
63-->[com.google.android.gms:play-services-auth:16.0.1] AndroidManifest.xml:27:13-72
64        <!--
65            Service handling Google Sign-In user revocation. For apps that do not integrate with
66            Google Sign-In, this service will never be started.
67        -->
68        <service
68-->[com.google.android.gms:play-services-auth:16.0.1] AndroidManifest.xml:33:9-36:110
69            android:name="com.google.android.gms.auth.api.signin.RevocationBoundService"
69-->[com.google.android.gms:play-services-auth:16.0.1] AndroidManifest.xml:34:13-89
70            android:exported="true"
70-->[com.google.android.gms:play-services-auth:16.0.1] AndroidManifest.xml:35:13-36
71            android:permission="com.google.android.gms.auth.api.signin.permission.REVOCATION_NOTIFICATION" />
71-->[com.google.android.gms:play-services-auth:16.0.1] AndroidManifest.xml:36:13-107
72
73        <activity
73-->[com.google.android.gms:play-services-base:17.0.0] AndroidManifest.xml:23:9-26:75
74            android:name="com.google.android.gms.common.api.GoogleApiActivity"
74-->[com.google.android.gms:play-services-base:17.0.0] AndroidManifest.xml:24:13-79
75            android:exported="false"
75-->[com.google.android.gms:play-services-base:17.0.0] AndroidManifest.xml:25:13-37
76            android:theme="@android:style/Theme.Translucent.NoTitleBar" />
76-->[com.google.android.gms:play-services-base:17.0.0] AndroidManifest.xml:26:13-72
77
78        <provider
78-->[com.google.firebase:firebase-common:19.2.0] AndroidManifest.xml:19:9-23:39
79            android:name="com.google.firebase.provider.FirebaseInitProvider"
79-->[com.google.firebase:firebase-common:19.2.0] AndroidManifest.xml:20:13-77
80            android:authorities="com.example.edusos.firebaseinitprovider"
80-->[com.google.firebase:firebase-common:19.2.0] AndroidManifest.xml:21:13-72
81            android:exported="false"
81-->[com.google.firebase:firebase-common:19.2.0] AndroidManifest.xml:22:13-37
82            android:initOrder="100" />
82-->[com.google.firebase:firebase-common:19.2.0] AndroidManifest.xml:23:13-36
83
84        <meta-data
84-->[com.google.android.gms:play-services-basement:17.0.0] AndroidManifest.xml:23:9-25:69
85            android:name="com.google.android.gms.version"
85-->[com.google.android.gms:play-services-basement:17.0.0] AndroidManifest.xml:24:13-58
86            android:value="@integer/google_play_services_version" />
86-->[com.google.android.gms:play-services-basement:17.0.0] AndroidManifest.xml:25:13-66
87    </application>
88
89</manifest>